<?xml version="1.0" encoding="UTF-8"?>
<testng-results ignored="0" total="1" passed="1" failed="0" skipped="0">
  <reporter-output>
  </reporter-output>
  <suite started-at="2023-02-22T08:50:24 IST" name="Default suite" finished-at="2023-02-22T08:50:56 IST" duration-ms="32521">
    <groups>
    </groups>
    <test started-at="2023-02-22T08:50:24 IST" name="Default test" finished-at="2023-02-22T08:50:56 IST" duration-ms="32521">
      <class name="testscripts.SecondTest">
        <test-method is-config="true" signature="classConfiguration()[pri:0, instance:testscripts.SecondTest@c88a337]" started-at="2023-02-22T08:50:24 IST" name="classConfiguration" finished-at="2023-02-22T08:50:25 IST" duration-ms="876" status="PASS">
          <reporter-output>
          </reporter-output>
        </test-method> <!-- classConfiguration -->
        <test-method is-config="true" signature="methodConfiguration()[pri:0, instance:testscripts.SecondTest@c88a337]" started-at="2023-02-22T08:50:25 IST" name="methodConfiguration" finished-at="2023-02-22T08:50:34 IST" duration-ms="9331" status="PASS">
          <reporter-output>
          </reporter-output>
        </test-method> <!-- methodConfiguration -->
        <test-method signature="SecondTest()[pri:0, instance:testscripts.SecondTest@c88a337]" started-at="2023-02-22T08:50:34 IST" name="SecondTest" finished-at="2023-02-22T08:50:56 IST" duration-ms="21950" status="PASS">
          <reporter-output>
          </reporter-output>
        </test-method> <!-- SecondTest -->
        <test-method is-config="true" signature="methodTearDown()[pri:0, instance:testscripts.SecondTest@c88a337]" started-at="2023-02-22T08:50:56 IST" name="methodTearDown" finished-at="2023-02-22T08:50:56 IST" duration-ms="319" status="PASS">
          <reporter-output>
          </reporter-output>
        </test-method> <!-- methodTearDown -->
        <test-method is-config="true" signature="classTearDown()[pri:0, instance:testscripts.SecondTest@c88a337]" started-at="2023-02-22T08:50:56 IST" name="classTearDown" finished-at="2023-02-22T08:50:56 IST" duration-ms="0" status="PASS">
          <reporter-output>
          </reporter-output>
        </test-method> <!-- classTearDown -->
      </class> <!-- testscripts.SecondTest -->
    </test> <!-- Default test -->
  </suite> <!-- Default suite -->
</testng-results>
